<?xml version="1.0" encoding="UTF-8"?>
<testsuites name="Get Organization List" time="8" tests="2" failures="0" errors="0">
   <testsuite name="Get Organization List" tests="2" failures="0" errors="0" time="8" timestamp="2019-04-05 14:03:01" hostname="srishty.rawat - CYG188.cybergindia.local" id="Test Suites/Get Organization List">
      <properties>
         <property name="deviceName" value=""/>
         <property name="devicePlatform" value=""/>
         <property name="logFolder" value="C:\\Users\\srishty.rawat\\Desktop\\Default.Web\\Reports\\Get Organization List\\20190405_140258"/>
         <property name="logFiles" value="C:\\Users\\srishty.rawat\\Desktop\\Default.Web\\Reports\\Get Organization List\\20190405_140258\\execution0.log"/>
         <property name="attachments" value=""/>
         <property name="hostName" value="srishty.rawat - CYG188.cybergindia.local"/>
         <property name="hostAddress" value="172.25.123.190"/>
         <property name="os" value="Windows 10 64bit"/>
         <property name="katalonVersion" value="6.1.0.1"/>
      </properties>
      <testcase name="Test Cases/API Test/Get Organization List/Succeed With Auth" classname="Test Cases/API Test/Get Organization List/Succeed With Auth" status="PASSED">
         <system-out><![CDATA[2019-04-05 14:03:02 - [TEST_CASE][PASSED] - Test Cases/API Test/Get Organization List/Succeed With Auth: Test Cases/API Test/Get Organization List/Succeed With Auth

2019-04-05 14:03:03 - [TEST_STEP][PASSED] - signInRequest = findTestObject("Object Repository/Auth/Sign In"): null

2019-04-05 14:03:03 - [TEST_STEP][PASSED] - signInResponse = sendRequest(signInRequest): Send request successfully

2019-04-05 14:03:07 - [MESSAGE][INFO] - HAR: C:\Users\srishty.rawat\Desktop\Default.Web\Reports\Get Organization List\20190405_140258\requests\main\0.har

2019-04-05 14:03:07 - [MESSAGE][PASSED] - Send request successfully

2019-04-05 14:03:07 - [TEST_STEP][PASSED] - request = findTestObject("Object Repository/Org Admin/Get Organization List"): null

2019-04-05 14:03:07 - [TEST_STEP][PASSED] - jsonSlurper = new groovy.json.JsonSlurper(): null

2019-04-05 14:03:07 - [TEST_STEP][PASSED] - signInResponseBody = jsonSlurper.parseText(signInResponse.getResponseBodyContent()): null

2019-04-05 14:03:07 - [TEST_STEP][PASSED] - authHeader = new com.kms.katalon.core.testobject.TestObjectProperty(Authorization, com.kms.katalon.core.testobject.ConditionType.EQUALS, (Bearer  + signInResponseBody.data.token)): null

2019-04-05 14:03:07 - [TEST_STEP][PASSED] - httpHeaderProperties.add(authHeader): null

2019-04-05 14:03:07 - [TEST_STEP][PASSED] - Authorization = "Bearer " + token: null

2019-04-05 14:03:07 - [TEST_STEP][PASSED] - response = sendRequest(request): Send request successfully

2019-04-05 14:03:08 - [MESSAGE][INFO] - HAR: C:\Users\srishty.rawat\Desktop\Default.Web\Reports\Get Organization List\20190405_140258\requests\main\1.har

2019-04-05 14:03:08 - [MESSAGE][PASSED] - Send request successfully

2019-04-05 14:03:08 - [TEST_STEP][PASSED] - verifyResponseStatusCode(response, 200): Verify response status code successfully

2019-04-05 14:03:08 - [MESSAGE][PASSED] - Verify response status code successfully

2019-04-05 14:03:08 - [TEST_STEP][PASSED] - verifyElementPropertyValue(response, "isSuccess", true): Verify element property value successfully

2019-04-05 14:03:08 - [MESSAGE][PASSED] - Verify element property value successfully]]></system-out>
         <system-err><![CDATA[]]></system-err>
      </testcase>
      <testcase name="Test Cases/API Test/Get Organization List/Fail Without Auth" classname="Test Cases/API Test/Get Organization List/Fail Without Auth" status="PASSED">
         <system-out><![CDATA[2019-04-05 14:03:08 - [TEST_CASE][PASSED] - Test Cases/API Test/Get Organization List/Fail Without Auth: Test Cases/API Test/Get Organization List/Fail Without Auth

2019-04-05 14:03:09 - [TEST_STEP][PASSED] - request = findTestObject("Object Repository/Org Admin/Get Organization List"): null

2019-04-05 14:03:09 - [TEST_STEP][PASSED] - response = sendRequest(request): Send request successfully

2019-04-05 14:03:09 - [MESSAGE][INFO] - HAR: C:\Users\srishty.rawat\Desktop\Default.Web\Reports\Get Organization List\20190405_140258\requests\main\2.har

2019-04-05 14:03:09 - [MESSAGE][PASSED] - Send request successfully

2019-04-05 14:03:09 - [TEST_STEP][PASSED] - verifyResponseStatusCode(response, 401): Verify response status code successfully

2019-04-05 14:03:09 - [MESSAGE][PASSED] - Verify response status code successfully]]></system-out>
         <system-err><![CDATA[]]></system-err>
      </testcase>
      <system-out><![CDATA[2019-04-05 14:03:01 - [TEST_SUITE][PASSED] - Get Organization List: Test Cases/API Test/Get Organization List/Fail Without Auth]]></system-out>
      <system-err><![CDATA[]]></system-err>
   </testsuite>
</testsuites>
