<?xml version="1.0" encoding="UTF-8"?>
<testsuites name="BDF Test Suite" time="10" tests="3" failures="0" errors="0">
   <testsuite name="BDF Test Suite" tests="3" failures="0" errors="0" time="10" timestamp="2019-04-04 12:37:24" hostname="srishty.rawat - CYG188.cybergindia.local" id="Test Suites/BDF Test Suite">
      <properties>
         <property name="deviceName" value=""/>
         <property name="devicePlatform" value=""/>
         <property name="logFolder" value="C:\\Users\\srishty.rawat\\Desktop\\Default.Web\\Reports\\BDF Test Suite\\20190404_123720"/>
         <property name="logFiles" value="C:\\Users\\srishty.rawat\\Desktop\\Default.Web\\Reports\\BDF Test Suite\\20190404_123720\\execution0.log"/>
         <property name="attachments" value=""/>
         <property name="hostName" value="srishty.rawat - CYG188.cybergindia.local"/>
         <property name="hostAddress" value="172.25.123.190"/>
         <property name="os" value="Windows 10 64bit"/>
         <property name="katalonVersion" value="6.1.0.1"/>
      </properties>
      <testcase name="Test Cases/API Test/Get Organization List/Fail Without Auth" classname="Test Cases/API Test/Get Organization List/Fail Without Auth" status="PASSED">
         <system-out><![CDATA[2019-04-04 12:37:25 - [TEST_CASE][PASSED] - Test Cases/API Test/Get Organization List/Fail Without Auth: Test Cases/API Test/Get Organization List/Fail Without Auth

2019-04-04 12:37:25 - [TEST_STEP][PASSED] - request = findTestObject("Org Admin/Get Organization List"): null

2019-04-04 12:37:25 - [TEST_STEP][PASSED] - response = sendRequest(request): Send request successfully

2019-04-04 12:37:30 - [MESSAGE][INFO] - HAR: C:\Users\srishty.rawat\Desktop\Default.Web\Reports\BDF Test Suite\20190404_123720\requests\main\0.har

2019-04-04 12:37:30 - [MESSAGE][PASSED] - Send request successfully

2019-04-04 12:37:30 - [TEST_STEP][PASSED] - verifyResponseStatusCode(response, 401): Verify response status code successfully

2019-04-04 12:37:30 - [MESSAGE][PASSED] - Verify response status code successfully

2019-04-04 12:37:30 - [TEST_STEP][PASSED] - println(Authorization): null]]></system-out>
         <system-err><![CDATA[]]></system-err>
      </testcase>
      <testcase name="Test Cases/API Test/Get Organization List/Succeed With Auth" classname="Test Cases/API Test/Get Organization List/Succeed With Auth" status="PASSED">
         <system-out><![CDATA[2019-04-04 12:37:30 - [TEST_CASE][PASSED] - Test Cases/API Test/Get Organization List/Succeed With Auth: Test Cases/API Test/Get Organization List/Succeed With Auth

2019-04-04 12:37:30 - [TEST_STEP][PASSED] - signInRequest = findTestObject("Auth/Sign In"): null

2019-04-04 12:37:30 - [TEST_STEP][PASSED] - signInResponse = sendRequest(signInRequest): Send request successfully

2019-04-04 12:37:31 - [MESSAGE][INFO] - HAR: C:\Users\srishty.rawat\Desktop\Default.Web\Reports\BDF Test Suite\20190404_123720\requests\main\1.har

2019-04-04 12:37:31 - [MESSAGE][PASSED] - Send request successfully

2019-04-04 12:37:31 - [TEST_STEP][PASSED] - request = findTestObject("Org Admin/Get Organization List"): null

2019-04-04 12:37:31 - [TEST_STEP][PASSED] - jsonSlurper = new groovy.json.JsonSlurper(): null

2019-04-04 12:37:31 - [TEST_STEP][PASSED] - signInResponseBody = jsonSlurper.parseText(signInResponse.getResponseBodyContent()): null

2019-04-04 12:37:31 - [TEST_STEP][PASSED] - authHeader = new com.kms.katalon.core.testobject.TestObjectProperty(Authorization, com.kms.katalon.core.testobject.ConditionType.EQUALS, (Bearer  + signInResponseBody.data.token)): null

2019-04-04 12:37:31 - [TEST_STEP][PASSED] - httpHeaderProperties.add(authHeader): null

2019-04-04 12:37:31 - [TEST_STEP][PASSED] - response = sendRequest(request): Send request successfully

2019-04-04 12:37:32 - [MESSAGE][INFO] - HAR: C:\Users\srishty.rawat\Desktop\Default.Web\Reports\BDF Test Suite\20190404_123720\requests\main\2.har

2019-04-04 12:37:32 - [MESSAGE][PASSED] - Send request successfully

2019-04-04 12:37:32 - [TEST_STEP][PASSED] - verifyResponseStatusCode(response, 200): Verify response status code successfully

2019-04-04 12:37:32 - [MESSAGE][PASSED] - Verify response status code successfully

2019-04-04 12:37:32 - [TEST_STEP][PASSED] - verifyElementPropertyValue(response, "isSuccess", true): Verify element property value successfully

2019-04-04 12:37:32 - [MESSAGE][PASSED] - Verify element property value successfully

2019-04-04 12:37:32 - [TEST_STEP][PASSED] - Authorization = "Bearer " + token: null

2019-04-04 12:37:32 - [TEST_STEP][PASSED] - println(Authorization): null]]></system-out>
         <system-err><![CDATA[]]></system-err>
      </testcase>
      <testcase name="Test Cases/API Test/Add Organization/Succeed With Auth" classname="Test Cases/API Test/Add Organization/Succeed With Auth" status="PASSED">
         <system-out><![CDATA[2019-04-04 12:37:32 - [TEST_CASE][PASSED] - Test Cases/API Test/Add Organization/Succeed With Auth: Test Cases/API Test/Add Organization/Succeed With Auth

2019-04-04 12:37:33 - [TEST_STEP][PASSED] - signInRequest = findTestObject("Object Repository/Auth/Sign In"): null

2019-04-04 12:37:33 - [TEST_STEP][PASSED] - signInResponse = sendRequest(signInRequest): Send request successfully

2019-04-04 12:37:34 - [MESSAGE][INFO] - HAR: C:\Users\srishty.rawat\Desktop\Default.Web\Reports\BDF Test Suite\20190404_123720\requests\main\3.har

2019-04-04 12:37:34 - [MESSAGE][PASSED] - Send request successfully

2019-04-04 12:37:34 - [TEST_STEP][PASSED] - request = findTestObject("Object Repository/Org Admin/Add Organization"): null

2019-04-04 12:37:34 - [TEST_STEP][PASSED] - jsonSlurper = new groovy.json.JsonSlurper(): null

2019-04-04 12:37:34 - [TEST_STEP][PASSED] - signInResponseBody = jsonSlurper.parseText(signInResponse.getResponseBodyContent()): null

2019-04-04 12:37:34 - [TEST_STEP][PASSED] - authHeader = new com.kms.katalon.core.testobject.TestObjectProperty(Authorization, com.kms.katalon.core.testobject.ConditionType.EQUALS, (Bearer  + signInResponseBody.data.token)): null

2019-04-04 12:37:34 - [TEST_STEP][PASSED] - httpHeaderProperties.add(authHeader): null

2019-04-04 12:37:34 - [TEST_STEP][PASSED] - response = sendRequest(request): Send request successfully

2019-04-04 12:37:34 - [MESSAGE][INFO] - HAR: C:\Users\srishty.rawat\Desktop\Default.Web\Reports\BDF Test Suite\20190404_123720\requests\main\4.har

2019-04-04 12:37:34 - [MESSAGE][PASSED] - Send request successfully

2019-04-04 12:37:34 - [TEST_STEP][PASSED] - verifyResponseStatusCode(response, 200): Verify response status code successfully

2019-04-04 12:37:34 - [MESSAGE][PASSED] - Verify response status code successfully

2019-04-04 12:37:34 - [TEST_STEP][PASSED] - println(Authorization): null]]></system-out>
         <system-err><![CDATA[]]></system-err>
      </testcase>
      <system-out><![CDATA[2019-04-04 12:37:24 - [TEST_SUITE][PASSED] - BDF Test Suite: Test Cases/API Test/Add Organization/Succeed With Auth]]></system-out>
      <system-err><![CDATA[]]></system-err>
   </testsuite>
</testsuites>
